c:\users\linh\downloads\lab7\hooksys_code\hooktool\debug\hooktool.bsc
c:\users\linh\downloads\lab7\hooksys_code\hooktool\debug\vc140.pdb
c:\users\linh\downloads\lab7\hooksys_code\hooktool\debug\vc140.idb
c:\users\linh\downloads\lab7\hooksys_code\hooktool\debug\ntprocessmonitor.sbr
c:\users\linh\downloads\lab7\hooksys_code\hooktool\debug\ntinjectorthread.sbr
c:\users\linh\downloads\lab7\hooksys_code\hooktool\debug\ntdrivercontroller.sbr
c:\users\linh\downloads\lab7\hooksys_code\hooktool\debug\modulescope.sbr
c:\users\linh\downloads\lab7\hooksys_code\hooktool\debug\injector.sbr
c:\users\linh\downloads\lab7\hooksys_code\hooktool\debug\hooktool.sbr
c:\users\linh\downloads\lab7\hooksys_code\hooktool\debug\apihook.sbr
c:\users\linh\downloads\lab7\hooksys_code\hooktool\debug\moduleinstance.sbr
c:\users\linh\downloads\lab7\hooksys_code\hooktool\debug\lockmgr.sbr
c:\users\linh\downloads\lab7\hooksys_code\hooktool\debug\inifile.sbr
c:\users\linh\downloads\lab7\hooksys_code\hooktool\debug\inifile.obj
c:\users\linh\downloads\lab7\hooksys_code\hooktool\debug\lockmgr.obj
c:\users\linh\downloads\lab7\hooksys_code\hooktool\debug\moduleinstance.obj
c:\users\linh\downloads\lab7\hooksys_code\hooktool\debug\apihook.obj
c:\users\linh\downloads\lab7\hooksys_code\hooktool\debug\hooktool.obj
c:\users\linh\downloads\lab7\hooksys_code\hooktool\debug\injector.obj
c:\users\linh\downloads\lab7\hooksys_code\hooktool\debug\modulescope.obj
c:\users\linh\downloads\lab7\hooksys_code\hooktool\debug\ntdrivercontroller.obj
c:\users\linh\downloads\lab7\hooksys_code\hooktool\debug\ntinjectorthread.obj
c:\users\linh\downloads\lab7\hooksys_code\hooktool\debug\ntprocessmonitor.obj
c:\users\linh\downloads\lab7\hooksys_code\hooktool\debug\hooktool.lib
c:\users\linh\downloads\lab7\hooksys_code\hooktool\debug\hooktool.exp
c:\users\linh\downloads\lab7\output\hooktool.ilk
c:\users\linh\downloads\lab7\output\hooktool.dll
c:\users\linh\downloads\lab7\output\hooktool.pdb
c:\users\linh\downloads\lab7\hooksys_code\hooktool\debug\hooktool.tlog\bscmake.command.1.tlog
c:\users\linh\downloads\lab7\hooksys_code\hooktool\debug\hooktool.tlog\bscmake.read.1.tlog
c:\users\linh\downloads\lab7\hooksys_code\hooktool\debug\hooktool.tlog\bscmake.write.1.tlog
c:\users\linh\downloads\lab7\hooksys_code\hooktool\debug\hooktool.tlog\cl.command.1.tlog
c:\users\linh\downloads\lab7\hooksys_code\hooktool\debug\hooktool.tlog\cl.read.1.tlog
c:\users\linh\downloads\lab7\hooksys_code\hooktool\debug\hooktool.tlog\cl.write.1.tlog
c:\users\linh\downloads\lab7\hooksys_code\hooktool\debug\hooktool.tlog\hooktool.write.1u.tlog
c:\users\linh\downloads\lab7\hooksys_code\hooktool\debug\hooktool.tlog\link.command.1.tlog
c:\users\linh\downloads\lab7\hooksys_code\hooktool\debug\hooktool.tlog\link.read.1.tlog
c:\users\linh\downloads\lab7\hooksys_code\hooktool\debug\hooktool.tlog\link.write.1.tlog
