c:\users\linh\downloads\lab7\hooksys_code\hooksrv\debug\hooksrv.bsc
c:\users\linh\downloads\lab7\hooksys_code\hooksrv\debug\vc140.pdb
c:\users\linh\downloads\lab7\hooksys_code\hooksrv\debug\vc140.idb
c:\users\linh\downloads\lab7\hooksys_code\hooksrv\debug\trayicon.sbr
c:\users\linh\downloads\lab7\hooksys_code\hooksrv\debug\stdafx.sbr
c:\users\linh\downloads\lab7\hooksys_code\hooksrv\debug\mainfrm.sbr
c:\users\linh\downloads\lab7\hooksys_code\hooksrv\debug\limitsingleinstance.sbr
c:\users\linh\downloads\lab7\hooksys_code\hooksrv\debug\hooksrv.sbr
c:\users\linh\downloads\lab7\hooksys_code\hooksrv\debug\applicationscope.sbr
c:\users\linh\downloads\lab7\hooksys_code\hooksrv\debug\lockmgr.sbr
c:\users\linh\downloads\lab7\hooksys_code\hooksrv\debug\lockmgr.obj
c:\users\linh\downloads\lab7\hooksys_code\hooksrv\debug\applicationscope.obj
c:\users\linh\downloads\lab7\hooksys_code\hooksrv\debug\hooksrv.obj
c:\users\linh\downloads\lab7\hooksys_code\hooksrv\debug\limitsingleinstance.obj
c:\users\linh\downloads\lab7\hooksys_code\hooksrv\debug\mainfrm.obj
c:\users\linh\downloads\lab7\hooksys_code\hooksrv\debug\stdafx.obj
c:\users\linh\downloads\lab7\hooksys_code\hooksrv\debug\trayicon.obj
c:\users\linh\downloads\lab7\output\hooksrv.ilk
c:\users\linh\downloads\lab7\output\hooksrv.exe
c:\users\linh\downloads\lab7\output\hooksrv.pdb
c:\users\linh\downloads\lab7\hooksys_code\hooksrv\debug\hooksrv.res
c:\users\linh\downloads\lab7\hooksys_code\hooksrv\debug\hooksrv.tlog\bscmake.command.1.tlog
c:\users\linh\downloads\lab7\hooksys_code\hooksrv\debug\hooksrv.tlog\bscmake.read.1.tlog
c:\users\linh\downloads\lab7\hooksys_code\hooksrv\debug\hooksrv.tlog\bscmake.write.1.tlog
c:\users\linh\downloads\lab7\hooksys_code\hooksrv\debug\hooksrv.tlog\cl.command.1.tlog
c:\users\linh\downloads\lab7\hooksys_code\hooksrv\debug\hooksrv.tlog\cl.read.1.tlog
c:\users\linh\downloads\lab7\hooksys_code\hooksrv\debug\hooksrv.tlog\cl.write.1.tlog
c:\users\linh\downloads\lab7\hooksys_code\hooksrv\debug\hooksrv.tlog\link.command.1.tlog
c:\users\linh\downloads\lab7\hooksys_code\hooksrv\debug\hooksrv.tlog\link.read.1.tlog
c:\users\linh\downloads\lab7\hooksys_code\hooksrv\debug\hooksrv.tlog\link.write.1.tlog
c:\users\linh\downloads\lab7\hooksys_code\hooksrv\debug\hooksrv.tlog\rc.command.1.tlog
c:\users\linh\downloads\lab7\hooksys_code\hooksrv\debug\hooksrv.tlog\rc.read.1.tlog
c:\users\linh\downloads\lab7\hooksys_code\hooksrv\debug\hooksrv.tlog\rc.write.1.tlog
